[18:37:57] [ServerMain/INFO]: Environment: authHost='https://authserver.mojang.com', accountsHost='https://api.mojang.com', sessionHost='https://sessionserver.mojang.com', servicesHost='https://api.minecraftservices.com', name='PROD'
[18:37:57] [ServerMain/INFO]: Found new data pack file/bukkit, loading it automatically
[18:37:59] [ServerMain/INFO]: Loaded 7 recipes
[18:38:00] [Server thread/INFO]: Starting minecraft server version 1.20.1
[18:38:00] [Server thread/INFO]: Loading properties
[18:38:00] [Server thread/INFO]: This server is running Paper version git-Paper-196 (MC: 1.20.1) (Implementing API version 1.20.1-R0.1-SNAPSHOT) (Git: 773dd72)
[18:38:01] [Server thread/INFO]: Server Ping Player Sample Count: 12
[18:38:01] [Server thread/INFO]: Using 4 threads for Netty based IO
[18:38:01] [Server thread/INFO]: [ChunkTaskScheduler] Chunk system is using 1 I/O threads, 1 worker threads, and gen parallelism of 1 threads
[18:38:01] [Server thread/WARN]: [!] The timings profiler has been enabled but has been scheduled for removal from Paper in the future.
    We recommend installing the spark profiler as a replacement: https://spark.lucko.me/
    For more information please visit: https://github.com/PaperMC/Paper/issues/8948
[18:38:01] [Server thread/INFO]: Default game type: SURVIVAL
[18:38:01] [Server thread/INFO]: Generating keypair
[18:38:01] [Server thread/INFO]: Starting Minecraft server on *:25565
[18:38:01] [Server thread/INFO]: Using epoll channel type
[18:38:01] [Server thread/INFO]: Paper: Using libdeflate (Linux x86_64) compression from Velocity.
[18:38:01] [Server thread/INFO]: Paper: Using OpenSSL 1.1.x (Linux x86_64) cipher from Velocity.
[18:38:01] [Server thread/WARN]: **** SERVER IS RUNNING IN OFFLINE/INSECURE MODE!
[18:38:01] [Server thread/WARN]: The server will make no attempt to authenticate usernames. Beware.
[18:38:01] [Server thread/WARN]: While this makes the game possible to play without internet access, it also opens up the ability for hackers to connect with any username they choose.
[18:38:01] [Server thread/WARN]: To change this, set "online-mode" to "true" in the server.properties file.
[18:38:01] [Server thread/INFO]: Preparing level "world"
[18:38:11] [Server thread/INFO]: Preparing start region for dimension minecraft:overworld
[18:38:11] [Server thread/INFO]: Time elapsed: 123 ms
[18:38:11] [Server thread/INFO]: Preparing start region for dimension minecraft:the_nether
[18:38:11] [Server thread/INFO]: Time elapsed: 163 ms
[18:38:11] [Server thread/INFO]: Preparing start region for dimension minecraft:the_end
[18:38:11] [Server thread/INFO]: Time elapsed: 82 ms
[18:38:11] [Server thread/INFO]: Running delayed init tasks
[18:38:11] [Server thread/INFO]: Done (11.249s)! For help, type "help"
[18:38:11] [Server thread/INFO]: Timings Reset
[18:40:03] [User Authenticator #0/INFO]: UUID of player Suafita is e3921829-260f-34af-a9f2-9465a970f372
[18:40:04] [Server thread/INFO]: Suafita joined the game
[18:40:04] [Server thread/INFO]: Suafita[/[0:0:0:0:0:0:0:1%0]:40308] logged in with entity id 385 at ([world]-365.5, 68.0, 15.5)
[18:40:53] [Server thread/INFO]: Suafita issued server command: /tps
[18:41:05] [Server thread/INFO]: Made Suafita a server operator
[18:41:10] [Server thread/INFO]: Suafita issued server command: /tps
